<?xml version="1.0" encoding="UTF-8"?>
<!-- Generated by org.testng.reporters.JUnitReportReporter -->
<testsuite hostname="DESKTOP-EGG68CQ" failures="0" tests="2" name="agile.TestClassAddProductToCart" time="56.379" errors="0" timestamp="2022-03-11T22:54:02 IST" skipped="0">
  <testcase classname="agile.TestClassAddProductToCart" name="verifyAddToCartAndRemoveFromCartFunctionality" time="28.486"/>
  <system-out/>
  <testcase classname="agile.TestClassAddProductToCart" name="verifyBuyNowFunctionality" time="27.893"/>
  <system-out/>
</testsuite> <!-- agile.TestClassAddProductToCart -->
